This file contains any messages produced by compilers while
running configure, to aid debugging if configure makes a mistake.

It was created by libbgpdump configure 1.4.1, which was
generated by GNU Autoconf 2.63.  Invocation command line was

  $ ./configure 

## --------- ##
## Platform. ##
## --------- ##

hostname = nikhil-Lenovo-Z50-70
uname -m = x86_64
uname -r = 3.13.0-48-generic
uname -s = Linux
uname -v = #80-Ubuntu SMP Thu Mar 12 11:16:15 UTC 2015

/usr/bin/uname -p = unknown
/bin/uname -X     = unknown

/bin/arch              = unknown
/usr/bin/arch -k       = unknown
/usr/convex/getsysinfo = unknown
/usr/bin/hostinfo      = unknown
/bin/machine           = unknown
/usr/bin/oslevel       = unknown
/bin/universe          = unknown

PATH: /usr/local/sbin
PATH: /usr/local/bin
PATH: /usr/sbin
PATH: /usr/bin
PATH: /sbin
PATH: /bin
PATH: /usr/games
PATH: /usr/local/games


## ----------- ##
## Core tests. ##
## ----------- ##

configure:1842: checking for gcc
configure:1858: found /usr/bin/gcc
configure:1869: result: gcc
configure:2101: checking for C compiler version
configure:2109: gcc --version >&5
gcc (Ubuntu 4.8.2-19ubuntu1) 4.8.2
Copyright (C) 2013 Free Software Foundation, Inc.
This is free software; see the source for copying conditions.  There is NO
warranty; not even for MERCHANTABILITY or FITNESS FOR A PARTICULAR PURPOSE.

configure:2113: $? = 0
configure:2120: gcc -v >&5
Using built-in specs.
COLLECT_GCC=gcc
COLLECT_LTO_WRAPPER=/usr/lib/gcc/x86_64-linux-gnu/4.8/lto-wrapper
Target: x86_64-linux-gnu
Configured with: ../src/configure -v --with-pkgversion='Ubuntu 4.8.2-19ubuntu1' --with-bugurl=file:///usr/share/doc/gcc-4.8/README.Bugs --enable-languages=c,c++,java,go,d,fortran,objc,obj-c++ --prefix=/usr --program-suffix=-4.8 --enable-shared --enable-linker-build-id --libexecdir=/usr/lib --without-included-gettext --enable-threads=posix --with-gxx-include-dir=/usr/include/c++/4.8 --libdir=/usr/lib --enable-nls --with-sysroot=/ --enable-clocale=gnu --enable-libstdcxx-debug --enable-libstdcxx-time=yes --enable-gnu-unique-object --disable-libmudflap --enable-plugin --with-system-zlib --disable-browser-plugin --enable-java-awt=gtk --enable-gtk-cairo --with-java-home=/usr/lib/jvm/java-1.5.0-gcj-4.8-amd64/jre --enable-java-home --with-jvm-root-dir=/usr/lib/jvm/java-1.5.0-gcj-4.8-amd64 --with-jvm-jar-dir=/usr/lib/jvm-exports/java-1.5.0-gcj-4.8-amd64 --with-arch-directory=amd64 --with-ecj-jar=/usr/share/java/eclipse-ecj.jar --enable-objc-gc --enable-multiarch --disable-werror --with-arch-32=i686 --with-abi=m64 --with-multilib-list=m32,m64,mx32 --with-tune=generic --enable-checking=release --build=x86_64-linux-gnu --host=x86_64-linux-gnu --target=x86_64-linux-gnu
Thread model: posix
gcc version 4.8.2 (Ubuntu 4.8.2-19ubuntu1) 
configure:2124: $? = 0
configure:2131: gcc -V >&5
gcc: error: unrecognized command line option '-V'
gcc: fatal error: no input files
compilation terminated.
configure:2135: $? = 4
configure:2158: checking for C compiler default output file name
configure:2180: gcc  -Wall -Wcast-align -Wsystem-headers -Wno-format-y2k -W -Wno-unused-parameter -Wstrict-prototypes -Wmissing-prototypes -Wpointer-arith -Wreturn-type -Wcast-qual -Wwrite-strings -Wswitch -Wshadow -Wcast-align -Wunused-parameter -O3   conftest.c  >&5
conftest.c:10:1: warning: function declaration isn't a prototype [-Wstrict-prototypes]
 main ()
 ^
configure:2184: $? = 0
configure:2222: result: a.out
configure:2241: checking whether the C compiler works
configure:2251: ./a.out
configure:2255: $? = 0
configure:2274: result: yes
configure:2281: checking whether we are cross compiling
configure:2283: result: no
configure:2286: checking for suffix of executables
configure:2293: gcc -o conftest  -Wall -Wcast-align -Wsystem-headers -Wno-format-y2k -W -Wno-unused-parameter -Wstrict-prototypes -Wmissing-prototypes -Wpointer-arith -Wreturn-type -Wcast-qual -Wwrite-strings -Wswitch -Wshadow -Wcast-align -Wunused-parameter -O3   conftest.c  >&5
conftest.c:10:1: warning: function declaration isn't a prototype [-Wstrict-prototypes]
 main ()
 ^
configure:2297: $? = 0
configure:2323: result: 
configure:2329: checking for suffix of object files
configure:2355: gcc -c  -Wall -Wcast-align -Wsystem-headers -Wno-format-y2k -W -Wno-unused-parameter -Wstrict-prototypes -Wmissing-prototypes -Wpointer-arith -Wreturn-type -Wcast-qual -Wwrite-strings -Wswitch -Wshadow -Wcast-align -Wunused-parameter -O3  conftest.c >&5
conftest.c:10:1: warning: function declaration isn't a prototype [-Wstrict-prototypes]
 main ()
 ^
configure:2359: $? = 0
configure:2384: result: o
configure:2388: checking whether we are using the GNU C compiler
configure:2417: gcc -c  -Wall -Wcast-align -Wsystem-headers -Wno-format-y2k -W -Wno-unused-parameter -Wstrict-prototypes -Wmissing-prototypes -Wpointer-arith -Wreturn-type -Wcast-qual -Wwrite-strings -Wswitch -Wshadow -Wcast-align -Wunused-parameter -O3  conftest.c >&5
conftest.c:10:1: warning: function declaration isn't a prototype [-Wstrict-prototypes]
 main ()
 ^
configure:2424: $? = 0
configure:2441: result: yes
configure:2450: checking whether gcc accepts -g
configure:2480: gcc -c -g  conftest.c >&5
configure:2487: $? = 0
configure:2588: result: yes
configure:2605: checking for gcc option to accept ISO C89
configure:2679: gcc  -c  -Wall -Wcast-align -Wsystem-headers -Wno-format-y2k -W -Wno-unused-parameter -Wstrict-prototypes -Wmissing-prototypes -Wpointer-arith -Wreturn-type -Wcast-qual -Wwrite-strings -Wswitch -Wshadow -Wcast-align -Wunused-parameter -O3  conftest.c >&5
conftest.c:15:14: warning: function declaration isn't a prototype [-Wstrict-prototypes]
 static char *e (p, i)
              ^
conftest.c:52:1: warning: function declaration isn't a prototype [-Wstrict-prototypes]
 main ()
 ^
configure:2686: $? = 0
configure:2709: result: none needed
configure:2770: checking for ranlib
configure:2786: found /usr/bin/ranlib
configure:2797: result: ranlib
configure:2821: checking for ar
configure:2839: found /usr/bin/ar
configure:2851: result: /usr/bin/ar
configure:2915: checking how to run the C preprocessor
configure:2955: gcc -E  conftest.c
configure:2962: $? = 0
configure:2993: gcc -E  conftest.c
conftest.c:8:28: fatal error: ac_nonexistent.h: No such file or directory
 #include <ac_nonexistent.h>
                            ^
compilation terminated.
configure:3000: $? = 1
configure: failed program was:
| /* confdefs.h.  */
| #define PACKAGE_NAME "libbgpdump"
| #define PACKAGE_TARNAME "libbgpdump"
| #define PACKAGE_VERSION "1.4.1"
| #define PACKAGE_STRING "libbgpdump 1.4.1"
| #define PACKAGE_BUGREPORT "ris@ripe.net"
| /* end confdefs.h.  */
| #include <ac_nonexistent.h>
configure:3033: result: gcc -E
configure:3062: gcc -E  conftest.c
configure:3069: $? = 0
configure:3100: gcc -E  conftest.c
conftest.c:8:28: fatal error: ac_nonexistent.h: No such file or directory
 #include <ac_nonexistent.h>
                            ^
compilation terminated.
configure:3107: $? = 1
configure: failed program was:
| /* confdefs.h.  */
| #define PACKAGE_NAME "libbgpdump"
| #define PACKAGE_TARNAME "libbgpdump"
| #define PACKAGE_VERSION "1.4.1"
| #define PACKAGE_STRING "libbgpdump 1.4.1"
| #define PACKAGE_BUGREPORT "ris@ripe.net"
| /* end confdefs.h.  */
| #include <ac_nonexistent.h>
configure:3147: checking for grep that handles long lines and -e
configure:3207: result: /bin/grep
configure:3212: checking for egrep
configure:3276: result: /bin/grep -E
configure:3281: checking for ANSI C header files
configure:3311: gcc -c  -Wall -Wcast-align -Wsystem-headers -Wno-format-y2k -W -Wno-unused-parameter -Wstrict-prototypes -Wmissing-prototypes -Wpointer-arith -Wreturn-type -Wcast-qual -Wwrite-strings -Wswitch -Wshadow -Wcast-align -Wunused-parameter -O3  conftest.c >&5
In file included from /usr/include/stdlib.h:760:0,
                 from conftest.c:8:
/usr/include/x86_64-linux-gnu/bits/stdlib-bsearch.h: In function 'bsearch':
/usr/include/x86_64-linux-gnu/bits/stdlib-bsearch.h:32:13: warning: cast discards '__attribute__((const))' qualifier from pointer target type [-Wcast-qual]
       __p = (void *) (((const char *) __base) + (__idx * __size));
             ^
/usr/include/x86_64-linux-gnu/bits/stdlib-bsearch.h:39:9: warning: cast discards '__attribute__((const))' qualifier from pointer target type [-Wcast-qual]
  return (void *) __p;
         ^
In file included from /usr/include/features.h:374:0,
                 from /usr/include/stdlib.h:24,
                 from conftest.c:8:
/usr/include/x86_64-linux-gnu/bits/stdlib.h: At top level:
/usr/include/x86_64-linux-gnu/bits/stdlib.h:64:1: warning: no previous prototype for 'ptsname_r' [-Wmissing-prototypes]
 __NTH (ptsname_r (int __fd, char *__buf, size_t __buflen))
 ^
conftest.c:14:1: warning: function declaration isn't a prototype [-Wstrict-prototypes]
 main ()
 ^
configure:3318: $? = 0
configure:3417: gcc -o conftest  -Wall -Wcast-align -Wsystem-headers -Wno-format-y2k -W -Wno-unused-parameter -Wstrict-prototypes -Wmissing-prototypes -Wpointer-arith -Wreturn-type -Wcast-qual -Wwrite-strings -Wswitch -Wshadow -Wcast-align -Wunused-parameter -O3   conftest.c  >&5
In file included from /usr/include/stdlib.h:760:0,
                 from conftest.c:9:
/usr/include/x86_64-linux-gnu/bits/stdlib-bsearch.h: In function 'bsearch':
/usr/include/x86_64-linux-gnu/bits/stdlib-bsearch.h:32:13: warning: cast discards '__attribute__((const))' qualifier from pointer target type [-Wcast-qual]
       __p = (void *) (((const char *) __base) + (__idx * __size));
             ^
/usr/include/x86_64-linux-gnu/bits/stdlib-bsearch.h:39:9: warning: cast discards '__attribute__((const))' qualifier from pointer target type [-Wcast-qual]
  return (void *) __p;
         ^
In file included from /usr/include/features.h:374:0,
                 from /usr/include/ctype.h:25,
                 from conftest.c:8:
/usr/include/x86_64-linux-gnu/bits/stdlib.h: At top level:
/usr/include/x86_64-linux-gnu/bits/stdlib.h:64:1: warning: no previous prototype for 'ptsname_r' [-Wmissing-prototypes]
 __NTH (ptsname_r (int __fd, char *__buf, size_t __buflen))
 ^
conftest.c:20:1: warning: function declaration isn't a prototype [-Wstrict-prototypes]
 main ()
 ^
configure:3421: $? = 0
configure:3427: ./conftest
configure:3431: $? = 0
configure:3449: result: yes
configure:3473: checking for sys/types.h
configure:3494: gcc -c  -Wall -Wcast-align -Wsystem-headers -Wno-format-y2k -W -Wno-unused-parameter -Wstrict-prototypes -Wmissing-prototypes -Wpointer-arith -Wreturn-type -Wcast-qual -Wwrite-strings -Wswitch -Wshadow -Wcast-align -Wunused-parameter -O3  conftest.c >&5
In file included from /usr/include/stdlib.h:760:0,
                 from conftest.c:17:
/usr/include/x86_64-linux-gnu/bits/stdlib-bsearch.h: In function 'bsearch':
/usr/include/x86_64-linux-gnu/bits/stdlib-bsearch.h:32:13: warning: cast discards '__attribute__((const))' qualifier from pointer target type [-Wcast-qual]
       __p = (void *) (((const char *) __base) + (__idx * __size));
             ^
/usr/include/x86_64-linux-gnu/bits/stdlib-bsearch.h:39:9: warning: cast discards '__attribute__((const))' qualifier from pointer target type [-Wcast-qual]
  return (void *) __p;
         ^
In file included from /usr/include/features.h:374:0,
                 from /usr/include/stdio.h:27,
                 from conftest.c:9:
/usr/include/x86_64-linux-gnu/bits/stdlib.h: At top level:
/usr/include/x86_64-linux-gnu/bits/stdlib.h:64:1: warning: no previous prototype for 'ptsname_r' [-Wmissing-prototypes]
 __NTH (ptsname_r (int __fd, char *__buf, size_t __buflen))
 ^
configure:3501: $? = 0
configure:3518: result: yes
configure:3473: checking for sys/stat.h
configure:3494: gcc -c  -Wall -Wcast-align -Wsystem-headers -Wno-format-y2k -W -Wno-unused-parameter -Wstrict-prototypes -Wmissing-prototypes -Wpointer-arith -Wreturn-type -Wcast-qual -Wwrite-strings -Wswitch -Wshadow -Wcast-align -Wunused-parameter -O3  conftest.c >&5
In file included from /usr/include/stdlib.h:760:0,
                 from conftest.c:18:
/usr/include/x86_64-linux-gnu/bits/stdlib-bsearch.h: In function 'bsearch':
/usr/include/x86_64-linux-gnu/bits/stdlib-bsearch.h:32:13: warning: cast discards '__attribute__((const))' qualifier from pointer target type [-Wcast-qual]
       __p = (void *) (((const char *) __base) + (__idx * __size));
             ^
/usr/include/x86_64-linux-gnu/bits/stdlib-bsearch.h:39:9: warning: cast discards '__attribute__((const))' qualifier from pointer target type [-Wcast-qual]
  return (void *) __p;
         ^
In file included from /usr/include/features.h:374:0,
                 from /usr/include/stdio.h:27,
                 from conftest.c:10:
/usr/include/x86_64-linux-gnu/bits/stdlib.h: At top level:
/usr/include/x86_64-linux-gnu/bits/stdlib.h:64:1: warning: no previous prototype for 'ptsname_r' [-Wmissing-prototypes]
 __NTH (ptsname_r (int __fd, char *__buf, size_t __buflen))
 ^
configure:3501: $? = 0
configure:3518: result: yes
configure:3473: checking for stdlib.h
configure:3494: gcc -c  -Wall -Wcast-align -Wsystem-headers -Wno-format-y2k -W -Wno-unused-parameter -Wstrict-prototypes -Wmissing-prototypes -Wpointer-arith -Wreturn-type -Wcast-qual -Wwrite-strings -Wswitch -Wshadow -Wcast-align -Wunused-parameter -O3  conftest.c >&5
In file included from /usr/include/stdlib.h:760:0,
                 from conftest.c:19:
/usr/include/x86_64-linux-gnu/bits/stdlib-bsearch.h: In function 'bsearch':
/usr/include/x86_64-linux-gnu/bits/stdlib-bsearch.h:32:13: warning: cast discards '__attribute__((const))' qualifier from pointer target type [-Wcast-qual]
       __p = (void *) (((const char *) __base) + (__idx * __size));
             ^
/usr/include/x86_64-linux-gnu/bits/stdlib-bsearch.h:39:9: warning: cast discards '__attribute__((const))' qualifier from pointer target type [-Wcast-qual]
  return (void *) __p;
         ^
In file included from /usr/include/features.h:374:0,
                 from /usr/include/stdio.h:27,
                 from conftest.c:11:
/usr/include/x86_64-linux-gnu/bits/stdlib.h: At top level:
/usr/include/x86_64-linux-gnu/bits/stdlib.h:64:1: warning: no previous prototype for 'ptsname_r' [-Wmissing-prototypes]
 __NTH (ptsname_r (int __fd, char *__buf, size_t __buflen))
 ^
configure:3501: $? = 0
configure:3518: result: yes
configure:3473: checking for string.h
configure:3494: gcc -c  -Wall -Wcast-align -Wsystem-headers -Wno-format-y2k -W -Wno-unused-parameter -Wstrict-prototypes -Wmissing-prototypes -Wpointer-arith -Wreturn-type -Wcast-qual -Wwrite-strings -Wswitch -Wshadow -Wcast-align -Wunused-parameter -O3  conftest.c >&5
In file included from /usr/include/stdlib.h:760:0,
                 from conftest.c:20:
/usr/include/x86_64-linux-gnu/bits/stdlib-bsearch.h: In function 'bsearch':
/usr/include/x86_64-linux-gnu/bits/stdlib-bsearch.h:32:13: warning: cast discards '__attribute__((const))' qualifier from pointer target type [-Wcast-qual]
       __p = (void *) (((const char *) __base) + (__idx * __size));
             ^
/usr/include/x86_64-linux-gnu/bits/stdlib-bsearch.h:39:9: warning: cast discards '__attribute__((const))' qualifier from pointer target type [-Wcast-qual]
  return (void *) __p;
         ^
In file included from /usr/include/features.h:374:0,
                 from /usr/include/stdio.h:27,
                 from conftest.c:12:
/usr/include/x86_64-linux-gnu/bits/stdlib.h: At top level:
/usr/include/x86_64-linux-gnu/bits/stdlib.h:64:1: warning: no previous prototype for 'ptsname_r' [-Wmissing-prototypes]
 __NTH (ptsname_r (int __fd, char *__buf, size_t __buflen))
 ^
configure:3501: $? = 0
configure:3518: result: yes
configure:3473: checking for memory.h
configure:3494: gcc -c  -Wall -Wcast-align -Wsystem-headers -Wno-format-y2k -W -Wno-unused-parameter -Wstrict-prototypes -Wmissing-prototypes -Wpointer-arith -Wreturn-type -Wcast-qual -Wwrite-strings -Wswitch -Wshadow -Wcast-align -Wunused-parameter -O3  conftest.c >&5
In file included from /usr/include/stdlib.h:760:0,
                 from conftest.c:21:
/usr/include/x86_64-linux-gnu/bits/stdlib-bsearch.h: In function 'bsearch':
/usr/include/x86_64-linux-gnu/bits/stdlib-bsearch.h:32:13: warning: cast discards '__attribute__((const))' qualifier from pointer target type [-Wcast-qual]
       __p = (void *) (((const char *) __base) + (__idx * __size));
             ^
/usr/include/x86_64-linux-gnu/bits/stdlib-bsearch.h:39:9: warning: cast discards '__attribute__((const))' qualifier from pointer target type [-Wcast-qual]
  return (void *) __p;
         ^
In file included from /usr/include/features.h:374:0,
                 from /usr/include/stdio.h:27,
                 from conftest.c:13:
/usr/include/x86_64-linux-gnu/bits/stdlib.h: At top level:
/usr/include/x86_64-linux-gnu/bits/stdlib.h:64:1: warning: no previous prototype for 'ptsname_r' [-Wmissing-prototypes]
 __NTH (ptsname_r (int __fd, char *__buf, size_t __buflen))
 ^
configure:3501: $? = 0
configure:3518: result: yes
configure:3473: checking for strings.h
configure:3494: gcc -c  -Wall -Wcast-align -Wsystem-headers -Wno-format-y2k -W -Wno-unused-parameter -Wstrict-prototypes -Wmissing-prototypes -Wpointer-arith -Wreturn-type -Wcast-qual -Wwrite-strings -Wswitch -Wshadow -Wcast-align -Wunused-parameter -O3  conftest.c >&5
In file included from /usr/include/stdlib.h:760:0,
                 from conftest.c:22:
/usr/include/x86_64-linux-gnu/bits/stdlib-bsearch.h: In function 'bsearch':
/usr/include/x86_64-linux-gnu/bits/stdlib-bsearch.h:32:13: warning: cast discards '__attribute__((const))' qualifier from pointer target type [-Wcast-qual]
       __p = (void *) (((const char *) __base) + (__idx * __size));
             ^
/usr/include/x86_64-linux-gnu/bits/stdlib-bsearch.h:39:9: warning: cast discards '__attribute__((const))' qualifier from pointer target type [-Wcast-qual]
  return (void *) __p;
         ^
In file included from /usr/include/features.h:374:0,
                 from /usr/include/stdio.h:27,
                 from conftest.c:14:
/usr/include/x86_64-linux-gnu/bits/stdlib.h: At top level:
/usr/include/x86_64-linux-gnu/bits/stdlib.h:64:1: warning: no previous prototype for 'ptsname_r' [-Wmissing-prototypes]
 __NTH (ptsname_r (int __fd, char *__buf, size_t __buflen))
 ^
configure:3501: $? = 0
configure:3518: result: yes
configure:3473: checking for inttypes.h
configure:3494: gcc -c  -Wall -Wcast-align -Wsystem-headers -Wno-format-y2k -W -Wno-unused-parameter -Wstrict-prototypes -Wmissing-prototypes -Wpointer-arith -Wreturn-type -Wcast-qual -Wwrite-strings -Wswitch -Wshadow -Wcast-align -Wunused-parameter -O3  conftest.c >&5
In file included from /usr/include/stdlib.h:760:0,
                 from conftest.c:23:
/usr/include/x86_64-linux-gnu/bits/stdlib-bsearch.h: In function 'bsearch':
/usr/include/x86_64-linux-gnu/bits/stdlib-bsearch.h:32:13: warning: cast discards '__attribute__((const))' qualifier from pointer target type [-Wcast-qual]
       __p = (void *) (((const char *) __base) + (__idx * __size));
             ^
/usr/include/x86_64-linux-gnu/bits/stdlib-bsearch.h:39:9: warning: cast discards '__attribute__((const))' qualifier from pointer target type [-Wcast-qual]
  return (void *) __p;
         ^
In file included from /usr/include/features.h:374:0,
                 from /usr/include/stdio.h:27,
                 from conftest.c:15:
/usr/include/x86_64-linux-gnu/bits/stdlib.h: At top level:
/usr/include/x86_64-linux-gnu/bits/stdlib.h:64:1: warning: no previous prototype for 'ptsname_r' [-Wmissing-prototypes]
 __NTH (ptsname_r (int __fd, char *__buf, size_t __buflen))
 ^
configure:3501: $? = 0
configure:3518: result: yes
configure:3473: checking for stdint.h
configure:3494: gcc -c  -Wall -Wcast-align -Wsystem-headers -Wno-format-y2k -W -Wno-unused-parameter -Wstrict-prototypes -Wmissing-prototypes -Wpointer-arith -Wreturn-type -Wcast-qual -Wwrite-strings -Wswitch -Wshadow -Wcast-align -Wunused-parameter -O3  conftest.c >&5
In file included from /usr/include/stdlib.h:760:0,
                 from conftest.c:24:
/usr/include/x86_64-linux-gnu/bits/stdlib-bsearch.h: In function 'bsearch':
/usr/include/x86_64-linux-gnu/bits/stdlib-bsearch.h:32:13: warning: cast discards '__attribute__((const))' qualifier from pointer target type [-Wcast-qual]
       __p = (void *) (((const char *) __base) + (__idx * __size));
             ^
/usr/include/x86_64-linux-gnu/bits/stdlib-bsearch.h:39:9: warning: cast discards '__attribute__((const))' qualifier from pointer target type [-Wcast-qual]
  return (void *) __p;
         ^
In file included from /usr/include/features.h:374:0,
                 from /usr/include/stdio.h:27,
                 from conftest.c:16:
/usr/include/x86_64-linux-gnu/bits/stdlib.h: At top level:
/usr/include/x86_64-linux-gnu/bits/stdlib.h:64:1: warning: no previous prototype for 'ptsname_r' [-Wmissing-prototypes]
 __NTH (ptsname_r (int __fd, char *__buf, size_t __buflen))
 ^
configure:3501: $? = 0
configure:3518: result: yes
configure:3473: checking for unistd.h
configure:3494: gcc -c  -Wall -Wcast-align -Wsystem-headers -Wno-format-y2k -W -Wno-unused-parameter -Wstrict-prototypes -Wmissing-prototypes -Wpointer-arith -Wreturn-type -Wcast-qual -Wwrite-strings -Wswitch -Wshadow -Wcast-align -Wunused-parameter -O3  conftest.c >&5
In file included from /usr/include/stdlib.h:760:0,
                 from conftest.c:25:
/usr/include/x86_64-linux-gnu/bits/stdlib-bsearch.h: In function 'bsearch':
/usr/include/x86_64-linux-gnu/bits/stdlib-bsearch.h:32:13: warning: cast discards '__attribute__((const))' qualifier from pointer target type [-Wcast-qual]
       __p = (void *) (((const char *) __base) + (__idx * __size));
             ^
/usr/include/x86_64-linux-gnu/bits/stdlib-bsearch.h:39:9: warning: cast discards '__attribute__((const))' qualifier from pointer target type [-Wcast-qual]
  return (void *) __p;
         ^
In file included from /usr/include/features.h:374:0,
                 from /usr/include/stdio.h:27,
                 from conftest.c:17:
/usr/include/x86_64-linux-gnu/bits/stdlib.h: At top level:
/usr/include/x86_64-linux-gnu/bits/stdlib.h:64:1: warning: no previous prototype for 'ptsname_r' [-Wmissing-prototypes]
 __NTH (ptsname_r (int __fd, char *__buf, size_t __buflen))
 ^
configure:3501: $? = 0
configure:3518: result: yes
configure:3558: checking errno.h usability
configure:3575: gcc -c  -Wall -Wcast-align -Wsystem-headers -Wno-format-y2k -W -Wno-unused-parameter -Wstrict-prototypes -Wmissing-prototypes -Wpointer-arith -Wreturn-type -Wcast-qual -Wwrite-strings -Wswitch -Wshadow -Wcast-align -Wunused-parameter -O3  conftest.c >&5
In file included from /usr/include/stdlib.h:760:0,
                 from conftest.c:26:
/usr/include/x86_64-linux-gnu/bits/stdlib-bsearch.h: In function 'bsearch':
/usr/include/x86_64-linux-gnu/bits/stdlib-bsearch.h:32:13: warning: cast discards '__attribute__((const))' qualifier from pointer target type [-Wcast-qual]
       __p = (void *) (((const char *) __base) + (__idx * __size));
             ^
/usr/include/x86_64-linux-gnu/bits/stdlib-bsearch.h:39:9: warning: cast discards '__attribute__((const))' qualifier from pointer target type [-Wcast-qual]
  return (void *) __p;
         ^
In file included from /usr/include/features.h:374:0,
                 from /usr/include/stdio.h:27,
                 from conftest.c:18:
/usr/include/x86_64-linux-gnu/bits/stdlib.h: At top level:
/usr/include/x86_64-linux-gnu/bits/stdlib.h:64:1: warning: no previous prototype for 'ptsname_r' [-Wmissing-prototypes]
 __NTH (ptsname_r (int __fd, char *__buf, size_t __buflen))
 ^
configure:3582: $? = 0
configure:3596: result: yes
configure:3600: checking errno.h presence
configure:3615: gcc -E  conftest.c
configure:3622: $? = 0
configure:3636: result: yes
configure:3669: checking for errno.h
configure:3678: result: yes
configure:3547: checking for strings.h
configure:3554: result: yes
configure:3547: checking for unistd.h
configure:3554: result: yes
configure:3558: checking arpa/inet.h usability
configure:3575: gcc -c  -Wall -Wcast-align -Wsystem-headers -Wno-format-y2k -W -Wno-unused-parameter -Wstrict-prototypes -Wmissing-prototypes -Wpointer-arith -Wreturn-type -Wcast-qual -Wwrite-strings -Wswitch -Wshadow -Wcast-align -Wunused-parameter -O3  conftest.c >&5
In file included from /usr/include/stdlib.h:760:0,
                 from conftest.c:29:
/usr/include/x86_64-linux-gnu/bits/stdlib-bsearch.h: In function 'bsearch':
/usr/include/x86_64-linux-gnu/bits/stdlib-bsearch.h:32:13: warning: cast discards '__attribute__((const))' qualifier from pointer target type [-Wcast-qual]
       __p = (void *) (((const char *) __base) + (__idx * __size));
             ^
/usr/include/x86_64-linux-gnu/bits/stdlib-bsearch.h:39:9: warning: cast discards '__attribute__((const))' qualifier from pointer target type [-Wcast-qual]
  return (void *) __p;
         ^
In file included from /usr/include/features.h:374:0,
                 from /usr/include/stdio.h:27,
                 from conftest.c:21:
/usr/include/x86_64-linux-gnu/bits/stdlib.h: At top level:
/usr/include/x86_64-linux-gnu/bits/stdlib.h:64:1: warning: no previous prototype for 'ptsname_r' [-Wmissing-prototypes]
 __NTH (ptsname_r (int __fd, char *__buf, size_t __buflen))
 ^
configure:3582: $? = 0
configure:3596: result: yes
configure:3600: checking arpa/inet.h presence
configure:3615: gcc -E  conftest.c
configure:3622: $? = 0
configure:3636: result: yes
configure:3669: checking for arpa/inet.h
configure:3678: result: yes
configure:3558: checking fcntl.h usability
configure:3575: gcc -c  -Wall -Wcast-align -Wsystem-headers -Wno-format-y2k -W -Wno-unused-parameter -Wstrict-prototypes -Wmissing-prototypes -Wpointer-arith -Wreturn-type -Wcast-qual -Wwrite-strings -Wswitch -Wshadow -Wcast-align -Wunused-parameter -O3  conftest.c >&5
In file included from /usr/include/stdlib.h:760:0,
                 from conftest.c:30:
/usr/include/x86_64-linux-gnu/bits/stdlib-bsearch.h: In function 'bsearch':
/usr/include/x86_64-linux-gnu/bits/stdlib-bsearch.h:32:13: warning: cast discards '__attribute__((const))' qualifier from pointer target type [-Wcast-qual]
       __p = (void *) (((const char *) __base) + (__idx * __size));
             ^
/usr/include/x86_64-linux-gnu/bits/stdlib-bsearch.h:39:9: warning: cast discards '__attribute__((const))' qualifier from pointer target type [-Wcast-qual]
  return (void *) __p;
         ^
In file included from /usr/include/features.h:374:0,
                 from /usr/include/stdio.h:27,
                 from conftest.c:22:
/usr/include/x86_64-linux-gnu/bits/stdlib.h: At top level:
/usr/include/x86_64-linux-gnu/bits/stdlib.h:64:1: warning: no previous prototype for 'ptsname_r' [-Wmissing-prototypes]
 __NTH (ptsname_r (int __fd, char *__buf, size_t __buflen))
 ^
configure:3582: $? = 0
configure:3596: result: yes
configure:3600: checking fcntl.h presence
configure:3615: gcc -E  conftest.c
configure:3622: $? = 0
configure:3636: result: yes
configure:3669: checking for fcntl.h
configure:3678: result: yes
configure:3558: checking netinet/in.h usability
configure:3575: gcc -c  -Wall -Wcast-align -Wsystem-headers -Wno-format-y2k -W -Wno-unused-parameter -Wstrict-prototypes -Wmissing-prototypes -Wpointer-arith -Wreturn-type -Wcast-qual -Wwrite-strings -Wswitch -Wshadow -Wcast-align -Wunused-parameter -O3  conftest.c >&5
In file included from /usr/include/stdlib.h:760:0,
                 from conftest.c:31:
/usr/include/x86_64-linux-gnu/bits/stdlib-bsearch.h: In function 'bsearch':
/usr/include/x86_64-linux-gnu/bits/stdlib-bsearch.h:32:13: warning: cast discards '__attribute__((const))' qualifier from pointer target type [-Wcast-qual]
       __p = (void *) (((const char *) __base) + (__idx * __size));
             ^
/usr/include/x86_64-linux-gnu/bits/stdlib-bsearch.h:39:9: warning: cast discards '__attribute__((const))' qualifier from pointer target type [-Wcast-qual]
  return (void *) __p;
         ^
In file included from /usr/include/features.h:374:0,
                 from /usr/include/stdio.h:27,
                 from conftest.c:23:
/usr/include/x86_64-linux-gnu/bits/stdlib.h: At top level:
/usr/include/x86_64-linux-gnu/bits/stdlib.h:64:1: warning: no previous prototype for 'ptsname_r' [-Wmissing-prototypes]
 __NTH (ptsname_r (int __fd, char *__buf, size_t __buflen))
 ^
configure:3582: $? = 0
configure:3596: result: yes
configure:3600: checking netinet/in.h presence
configure:3615: gcc -E  conftest.c
configure:3622: $? = 0
configure:3636: result: yes
configure:3669: checking for netinet/in.h
configure:3678: result: yes
configure:3547: checking for stdlib.h
configure:3554: result: yes
configure:3547: checking for string.h
configure:3554: result: yes
configure:3558: checking sys/socket.h usability
configure:3575: gcc -c  -Wall -Wcast-align -Wsystem-headers -Wno-format-y2k -W -Wno-unused-parameter -Wstrict-prototypes -Wmissing-prototypes -Wpointer-arith -Wreturn-type -Wcast-qual -Wwrite-strings -Wswitch -Wshadow -Wcast-align -Wunused-parameter -O3  conftest.c >&5
In file included from /usr/include/stdlib.h:760:0,
                 from conftest.c:34:
/usr/include/x86_64-linux-gnu/bits/stdlib-bsearch.h: In function 'bsearch':
/usr/include/x86_64-linux-gnu/bits/stdlib-bsearch.h:32:13: warning: cast discards '__attribute__((const))' qualifier from pointer target type [-Wcast-qual]
       __p = (void *) (((const char *) __base) + (__idx * __size));
             ^
/usr/include/x86_64-linux-gnu/bits/stdlib-bsearch.h:39:9: warning: cast discards '__attribute__((const))' qualifier from pointer target type [-Wcast-qual]
  return (void *) __p;
         ^
In file included from /usr/include/features.h:374:0,
                 from /usr/include/stdio.h:27,
                 from conftest.c:26:
/usr/include/x86_64-linux-gnu/bits/stdlib.h: At top level:
/usr/include/x86_64-linux-gnu/bits/stdlib.h:64:1: warning: no previous prototype for 'ptsname_r' [-Wmissing-prototypes]
 __NTH (ptsname_r (int __fd, char *__buf, size_t __buflen))
 ^
configure:3582: $? = 0
configure:3596: result: yes
configure:3600: checking sys/socket.h presence
configure:3615: gcc -E  conftest.c
configure:3622: $? = 0
configure:3636: result: yes
configure:3669: checking for sys/socket.h
configure:3678: result: yes
configure:3558: checking syslog.h usability
configure:3575: gcc -c  -Wall -Wcast-align -Wsystem-headers -Wno-format-y2k -W -Wno-unused-parameter -Wstrict-prototypes -Wmissing-prototypes -Wpointer-arith -Wreturn-type -Wcast-qual -Wwrite-strings -Wswitch -Wshadow -Wcast-align -Wunused-parameter -O3  conftest.c >&5
In file included from /usr/include/stdlib.h:760:0,
                 from conftest.c:35:
/usr/include/x86_64-linux-gnu/bits/stdlib-bsearch.h: In function 'bsearch':
/usr/include/x86_64-linux-gnu/bits/stdlib-bsearch.h:32:13: warning: cast discards '__attribute__((const))' qualifier from pointer target type [-Wcast-qual]
       __p = (void *) (((const char *) __base) + (__idx * __size));
             ^
/usr/include/x86_64-linux-gnu/bits/stdlib-bsearch.h:39:9: warning: cast discards '__attribute__((const))' qualifier from pointer target type [-Wcast-qual]
  return (void *) __p;
         ^
In file included from /usr/include/features.h:374:0,
                 from /usr/include/stdio.h:27,
                 from conftest.c:27:
/usr/include/x86_64-linux-gnu/bits/stdlib.h: At top level:
/usr/include/x86_64-linux-gnu/bits/stdlib.h:64:1: warning: no previous prototype for 'ptsname_r' [-Wmissing-prototypes]
 __NTH (ptsname_r (int __fd, char *__buf, size_t __buflen))
 ^
configure:3582: $? = 0
configure:3596: result: yes
configure:3600: checking syslog.h presence
configure:3615: gcc -E  conftest.c
configure:3622: $? = 0
configure:3636: result: yes
configure:3669: checking for syslog.h
configure:3678: result: yes
configure:3547: checking for unistd.h
configure:3554: result: yes
configure:3695: checking for an ANSI C-conforming const
configure:3770: gcc -c  -Wall -Wcast-align -Wsystem-headers -Wno-format-y2k -W -Wno-unused-parameter -Wstrict-prototypes -Wmissing-prototypes -Wpointer-arith -Wreturn-type -Wcast-qual -Wwrite-strings -Wswitch -Wshadow -Wcast-align -Wunused-parameter -O3  conftest.c >&5
conftest.c:31:1: warning: function declaration isn't a prototype [-Wstrict-prototypes]
 main ()
 ^
conftest.c: In function 'main':
conftest.c:52:9: warning: cast discards '__attribute__((const))' qualifier from pointer target type [-Wcast-qual]
   ppc = (char**) pcpcc;
         ^
conftest.c:58:7: warning: 't' is used uninitialized in this function [-Wuninitialized]
     *t++ = 0;
       ^
conftest.c:80:13: warning: 'cs[0]' is used uninitialized in this function [-Wuninitialized]
   return !cs[0] && !zero.x;
             ^
configure:3777: $? = 0
configure:3792: result: yes
configure:3802: checking for size_t
configure:3830: gcc -c  -Wall -Wcast-align -Wsystem-headers -Wno-format-y2k -W -Wno-unused-parameter -Wstrict-prototypes -Wmissing-prototypes -Wpointer-arith -Wreturn-type -Wcast-qual -Wwrite-strings -Wswitch -Wshadow -Wcast-align -Wunused-parameter -O3  conftest.c >&5
In file included from /usr/include/stdlib.h:760:0,
                 from conftest.c:37:
/usr/include/x86_64-linux-gnu/bits/stdlib-bsearch.h: In function 'bsearch':
/usr/include/x86_64-linux-gnu/bits/stdlib-bsearch.h:32:13: warning: cast discards '__attribute__((const))' qualifier from pointer target type [-Wcast-qual]
       __p = (void *) (((const char *) __base) + (__idx * __size));
             ^
/usr/include/x86_64-linux-gnu/bits/stdlib-bsearch.h:39:9: warning: cast discards '__attribute__((const))' qualifier from pointer target type [-Wcast-qual]
  return (void *) __p;
         ^
In file included from /usr/include/features.h:374:0,
                 from /usr/include/stdio.h:27,
                 from conftest.c:29:
/usr/include/x86_64-linux-gnu/bits/stdlib.h: At top level:
/usr/include/x86_64-linux-gnu/bits/stdlib.h:64:1: warning: no previous prototype for 'ptsname_r' [-Wmissing-prototypes]
 __NTH (ptsname_r (int __fd, char *__buf, size_t __buflen))
 ^
conftest.c:63:1: warning: function declaration isn't a prototype [-Wstrict-prototypes]
 main ()
 ^
configure:3837: $? = 0
configure:3864: gcc -c  -Wall -Wcast-align -Wsystem-headers -Wno-format-y2k -W -Wno-unused-parameter -Wstrict-prototypes -Wmissing-prototypes -Wpointer-arith -Wreturn-type -Wcast-qual -Wwrite-strings -Wswitch -Wshadow -Wcast-align -Wunused-parameter -O3  conftest.c >&5
In file included from /usr/include/stdlib.h:760:0,
                 from conftest.c:37:
/usr/include/x86_64-linux-gnu/bits/stdlib-bsearch.h: In function 'bsearch':
/usr/include/x86_64-linux-gnu/bits/stdlib-bsearch.h:32:13: warning: cast discards '__attribute__((const))' qualifier from pointer target type [-Wcast-qual]
       __p = (void *) (((const char *) __base) + (__idx * __size));
             ^
/usr/include/x86_64-linux-gnu/bits/stdlib-bsearch.h:39:9: warning: cast discards '__attribute__((const))' qualifier from pointer target type [-Wcast-qual]
  return (void *) __p;
         ^
In file included from /usr/include/features.h:374:0,
                 from /usr/include/stdio.h:27,
                 from conftest.c:29:
/usr/include/x86_64-linux-gnu/bits/stdlib.h: At top level:
/usr/include/x86_64-linux-gnu/bits/stdlib.h:64:1: warning: no previous prototype for 'ptsname_r' [-Wmissing-prototypes]
 __NTH (ptsname_r (int __fd, char *__buf, size_t __buflen))
 ^
conftest.c:63:1: warning: function declaration isn't a prototype [-Wstrict-prototypes]
 main ()
 ^
conftest.c: In function 'main':
conftest.c:65:21: error: expected expression before ')' token
 if (sizeof ((size_t)))
                     ^
configure:3871: $? = 1
configure: failed program was:
| /* confdefs.h.  */
| #define PACKAGE_NAME "libbgpdump"
| #define PACKAGE_TARNAME "libbgpdump"
| #define PACKAGE_VERSION "1.4.1"
| #define PACKAGE_STRING "libbgpdump 1.4.1"
| #define PACKAGE_BUGREPORT "ris@ripe.net"
| #define STDC_HEADERS 1
| #define HAVE_SYS_TYPES_H 1
| #define HAVE_SYS_STAT_H 1
| #define HAVE_STDLIB_H 1
| #define HAVE_STRING_H 1
| #define HAVE_MEMORY_H 1
| #define HAVE_STRINGS_H 1
| #define HAVE_INTTYPES_H 1
| #define HAVE_STDINT_H 1
| #define HAVE_UNISTD_H 1
| #define HAVE_ERRNO_H 1
| #define HAVE_STRINGS_H 1
| #define HAVE_UNISTD_H 1
| #define HAVE_ARPA_INET_H 1
| #define HAVE_FCNTL_H 1
| #define HAVE_NETINET_IN_H 1
| #define HAVE_STDLIB_H 1
| #define HAVE_STRING_H 1
| #define HAVE_SYS_SOCKET_H 1
| #define HAVE_SYSLOG_H 1
| #define HAVE_UNISTD_H 1
| /* end confdefs.h.  */
| #include <stdio.h>
| #ifdef HAVE_SYS_TYPES_H
| # include <sys/types.h>
| #endif
| #ifdef HAVE_SYS_STAT_H
| # include <sys/stat.h>
| #endif
| #ifdef STDC_HEADERS
| # include <stdlib.h>
| # include <stddef.h>
| #else
| # ifdef HAVE_STDLIB_H
| #  include <stdlib.h>
| # endif
| #endif
| #ifdef HAVE_STRING_H
| # if !defined STDC_HEADERS && defined HAVE_MEMORY_H
| #  include <memory.h>
| # endif
| # include <string.h>
| #endif
| #ifdef HAVE_STRINGS_H
| # include <strings.h>
| #endif
| #ifdef HAVE_INTTYPES_H
| # include <inttypes.h>
| #endif
| #ifdef HAVE_STDINT_H
| # include <stdint.h>
| #endif
| #ifdef HAVE_UNISTD_H
| # include <unistd.h>
| #endif
| int
| main ()
| {
| if (sizeof ((size_t)))
| 	  return 0;
|   ;
|   return 0;
| }
configure:3894: result: yes
configure:3906: checking whether struct tm is in sys/time.h or time.h
configure:3936: gcc -c  -Wall -Wcast-align -Wsystem-headers -Wno-format-y2k -W -Wno-unused-parameter -Wstrict-prototypes -Wmissing-prototypes -Wpointer-arith -Wreturn-type -Wcast-qual -Wwrite-strings -Wswitch -Wshadow -Wcast-align -Wunused-parameter -O3  conftest.c >&5
conftest.c:33:1: warning: function declaration isn't a prototype [-Wstrict-prototypes]
 main ()
 ^
configure:3943: $? = 0
configure:3958: result: time.h
configure:3970: checking for u_char_t
configure:3998: gcc -c  -Wall -Wcast-align -Wsystem-headers -Wno-format-y2k -W -Wno-unused-parameter -Wstrict-prototypes -Wmissing-prototypes -Wpointer-arith -Wreturn-type -Wcast-qual -Wwrite-strings -Wswitch -Wshadow -Wcast-align -Wunused-parameter -O3  conftest.c >&5
In file included from /usr/include/stdlib.h:760:0,
                 from conftest.c:37:
/usr/include/x86_64-linux-gnu/bits/stdlib-bsearch.h: In function 'bsearch':
/usr/include/x86_64-linux-gnu/bits/stdlib-bsearch.h:32:13: warning: cast discards '__attribute__((const))' qualifier from pointer target type [-Wcast-qual]
       __p = (void *) (((const char *) __base) + (__idx * __size));
             ^
/usr/include/x86_64-linux-gnu/bits/stdlib-bsearch.h:39:9: warning: cast discards '__attribute__((const))' qualifier from pointer target type [-Wcast-qual]
  return (void *) __p;
         ^
In file included from /usr/include/features.h:374:0,
                 from /usr/include/stdio.h:27,
                 from conftest.c:29:
/usr/include/x86_64-linux-gnu/bits/stdlib.h: At top level:
/usr/include/x86_64-linux-gnu/bits/stdlib.h:64:1: warning: no previous prototype for 'ptsname_r' [-Wmissing-prototypes]
 __NTH (ptsname_r (int __fd, char *__buf, size_t __buflen))
 ^
conftest.c:63:1: warning: function declaration isn't a prototype [-Wstrict-prototypes]
 main ()
 ^
conftest.c: In function 'main':
conftest.c:65:13: error: 'u_char_t' undeclared (first use in this function)
 if (sizeof (u_char_t))
             ^
conftest.c:65:13: note: each undeclared identifier is reported only once for each function it appears in
configure:4005: $? = 1
configure: failed program was:
| /* confdefs.h.  */
| #define PACKAGE_NAME "libbgpdump"
| #define PACKAGE_TARNAME "libbgpdump"
| #define PACKAGE_VERSION "1.4.1"
| #define PACKAGE_STRING "libbgpdump 1.4.1"
| #define PACKAGE_BUGREPORT "ris@ripe.net"
| #define STDC_HEADERS 1
| #define HAVE_SYS_TYPES_H 1
| #define HAVE_SYS_STAT_H 1
| #define HAVE_STDLIB_H 1
| #define HAVE_STRING_H 1
| #define HAVE_MEMORY_H 1
| #define HAVE_STRINGS_H 1
| #define HAVE_INTTYPES_H 1
| #define HAVE_STDINT_H 1
| #define HAVE_UNISTD_H 1
| #define HAVE_ERRNO_H 1
| #define HAVE_STRINGS_H 1
| #define HAVE_UNISTD_H 1
| #define HAVE_ARPA_INET_H 1
| #define HAVE_FCNTL_H 1
| #define HAVE_NETINET_IN_H 1
| #define HAVE_STDLIB_H 1
| #define HAVE_STRING_H 1
| #define HAVE_SYS_SOCKET_H 1
| #define HAVE_SYSLOG_H 1
| #define HAVE_UNISTD_H 1
| /* end confdefs.h.  */
| #include <stdio.h>
| #ifdef HAVE_SYS_TYPES_H
| # include <sys/types.h>
| #endif
| #ifdef HAVE_SYS_STAT_H
| # include <sys/stat.h>
| #endif
| #ifdef STDC_HEADERS
| # include <stdlib.h>
| # include <stddef.h>
| #else
| # ifdef HAVE_STDLIB_H
| #  include <stdlib.h>
| # endif
| #endif
| #ifdef HAVE_STRING_H
| # if !defined STDC_HEADERS && defined HAVE_MEMORY_H
| #  include <memory.h>
| # endif
| # include <string.h>
| #endif
| #ifdef HAVE_STRINGS_H
| # include <strings.h>
| #endif
| #ifdef HAVE_INTTYPES_H
| # include <inttypes.h>
| #endif
| #ifdef HAVE_STDINT_H
| # include <stdint.h>
| #endif
| #ifdef HAVE_UNISTD_H
| # include <unistd.h>
| #endif
| int
| main ()
| {
| if (sizeof (u_char_t))
|        return 0;
|   ;
|   return 0;
| }
configure:4062: result: no
configure:4074: checking for u_int8_t
configure:4102: gcc -c  -Wall -Wcast-align -Wsystem-headers -Wno-format-y2k -W -Wno-unused-parameter -Wstrict-prototypes -Wmissing-prototypes -Wpointer-arith -Wreturn-type -Wcast-qual -Wwrite-strings -Wswitch -Wshadow -Wcast-align -Wunused-parameter -O3  conftest.c >&5
In file included from /usr/include/stdlib.h:760:0,
                 from conftest.c:38:
/usr/include/x86_64-linux-gnu/bits/stdlib-bsearch.h: In function 'bsearch':
/usr/include/x86_64-linux-gnu/bits/stdlib-bsearch.h:32:13: warning: cast discards '__attribute__((const))' qualifier from pointer target type [-Wcast-qual]
       __p = (void *) (((const char *) __base) + (__idx * __size));
             ^
/usr/include/x86_64-linux-gnu/bits/stdlib-bsearch.h:39:9: warning: cast discards '__attribute__((const))' qualifier from pointer target type [-Wcast-qual]
  return (void *) __p;
         ^
In file included from /usr/include/features.h:374:0,
                 from /usr/include/stdio.h:27,
                 from conftest.c:30:
/usr/include/x86_64-linux-gnu/bits/stdlib.h: At top level:
/usr/include/x86_64-linux-gnu/bits/stdlib.h:64:1: warning: no previous prototype for 'ptsname_r' [-Wmissing-prototypes]
 __NTH (ptsname_r (int __fd, char *__buf, size_t __buflen))
 ^
conftest.c:64:1: warning: function declaration isn't a prototype [-Wstrict-prototypes]
 main ()
 ^
configure:4109: $? = 0
configure:4136: gcc -c  -Wall -Wcast-align -Wsystem-headers -Wno-format-y2k -W -Wno-unused-parameter -Wstrict-prototypes -Wmissing-prototypes -Wpointer-arith -Wreturn-type -Wcast-qual -Wwrite-strings -Wswitch -Wshadow -Wcast-align -Wunused-parameter -O3  conftest.c >&5
In file included from /usr/include/stdlib.h:760:0,
                 from conftest.c:38:
/usr/include/x86_64-linux-gnu/bits/stdlib-bsearch.h: In function 'bsearch':
/usr/include/x86_64-linux-gnu/bits/stdlib-bsearch.h:32:13: warning: cast discards '__attribute__((const))' qualifier from pointer target type [-Wcast-qual]
       __p = (void *) (((const char *) __base) + (__idx * __size));
             ^
/usr/include/x86_64-linux-gnu/bits/stdlib-bsearch.h:39:9: warning: cast discards '__attribute__((const))' qualifier from pointer target type [-Wcast-qual]
  return (void *) __p;
         ^
In file included from /usr/include/features.h:374:0,
                 from /usr/include/stdio.h:27,
                 from conftest.c:30:
/usr/include/x86_64-linux-gnu/bits/stdlib.h: At top level:
/usr/include/x86_64-linux-gnu/bits/stdlib.h:64:1: warning: no previous prototype for 'ptsname_r' [-Wmissing-prototypes]
 __NTH (ptsname_r (int __fd, char *__buf, size_t __buflen))
 ^
conftest.c:64:1: warning: function declaration isn't a prototype [-Wstrict-prototypes]
 main ()
 ^
conftest.c: In function 'main':
conftest.c:66:23: error: expected expression before ')' token
 if (sizeof ((u_int8_t)))
                       ^
configure:4143: $? = 1
configure: failed program was:
| /* confdefs.h.  */
| #define PACKAGE_NAME "libbgpdump"
| #define PACKAGE_TARNAME "libbgpdump"
| #define PACKAGE_VERSION "1.4.1"
| #define PACKAGE_STRING "libbgpdump 1.4.1"
| #define PACKAGE_BUGREPORT "ris@ripe.net"
| #define STDC_HEADERS 1
| #define HAVE_SYS_TYPES_H 1
| #define HAVE_SYS_STAT_H 1
| #define HAVE_STDLIB_H 1
| #define HAVE_STRING_H 1
| #define HAVE_MEMORY_H 1
| #define HAVE_STRINGS_H 1
| #define HAVE_INTTYPES_H 1
| #define HAVE_STDINT_H 1
| #define HAVE_UNISTD_H 1
| #define HAVE_ERRNO_H 1
| #define HAVE_STRINGS_H 1
| #define HAVE_UNISTD_H 1
| #define HAVE_ARPA_INET_H 1
| #define HAVE_FCNTL_H 1
| #define HAVE_NETINET_IN_H 1
| #define HAVE_STDLIB_H 1
| #define HAVE_STRING_H 1
| #define HAVE_SYS_SOCKET_H 1
| #define HAVE_SYSLOG_H 1
| #define HAVE_UNISTD_H 1
| #define u_char_t uchar_t
| /* end confdefs.h.  */
| #include <stdio.h>
| #ifdef HAVE_SYS_TYPES_H
| # include <sys/types.h>
| #endif
| #ifdef HAVE_SYS_STAT_H
| # include <sys/stat.h>
| #endif
| #ifdef STDC_HEADERS
| # include <stdlib.h>
| # include <stddef.h>
| #else
| # ifdef HAVE_STDLIB_H
| #  include <stdlib.h>
| # endif
| #endif
| #ifdef HAVE_STRING_H
| # if !defined STDC_HEADERS && defined HAVE_MEMORY_H
| #  include <memory.h>
| # endif
| # include <string.h>
| #endif
| #ifdef HAVE_STRINGS_H
| # include <strings.h>
| #endif
| #ifdef HAVE_INTTYPES_H
| # include <inttypes.h>
| #endif
| #ifdef HAVE_STDINT_H
| # include <stdint.h>
| #endif
| #ifdef HAVE_UNISTD_H
| # include <unistd.h>
| #endif
| int
| main ()
| {
| if (sizeof ((u_int8_t)))
| 	  return 0;
|   ;
|   return 0;
| }
configure:4166: result: yes
configure:4178: checking for u_int16_t
configure:4206: gcc -c  -Wall -Wcast-align -Wsystem-headers -Wno-format-y2k -W -Wno-unused-parameter -Wstrict-prototypes -Wmissing-prototypes -Wpointer-arith -Wreturn-type -Wcast-qual -Wwrite-strings -Wswitch -Wshadow -Wcast-align -Wunused-parameter -O3  conftest.c >&5
In file included from /usr/include/stdlib.h:760:0,
                 from conftest.c:38:
/usr/include/x86_64-linux-gnu/bits/stdlib-bsearch.h: In function 'bsearch':
/usr/include/x86_64-linux-gnu/bits/stdlib-bsearch.h:32:13: warning: cast discards '__attribute__((const))' qualifier from pointer target type [-Wcast-qual]
       __p = (void *) (((const char *) __base) + (__idx * __size));
             ^
/usr/include/x86_64-linux-gnu/bits/stdlib-bsearch.h:39:9: warning: cast discards '__attribute__((const))' qualifier from pointer target type [-Wcast-qual]
  return (void *) __p;
         ^
In file included from /usr/include/features.h:374:0,
                 from /usr/include/stdio.h:27,
                 from conftest.c:30:
/usr/include/x86_64-linux-gnu/bits/stdlib.h: At top level:
/usr/include/x86_64-linux-gnu/bits/stdlib.h:64:1: warning: no previous prototype for 'ptsname_r' [-Wmissing-prototypes]
 __NTH (ptsname_r (int __fd, char *__buf, size_t __buflen))
 ^
conftest.c:64:1: warning: function declaration isn't a prototype [-Wstrict-prototypes]
 main ()
 ^
configure:4213: $? = 0
configure:4240: gcc -c  -Wall -Wcast-align -Wsystem-headers -Wno-format-y2k -W -Wno-unused-parameter -Wstrict-prototypes -Wmissing-prototypes -Wpointer-arith -Wreturn-type -Wcast-qual -Wwrite-strings -Wswitch -Wshadow -Wcast-align -Wunused-parameter -O3  conftest.c >&5
In file included from /usr/include/stdlib.h:760:0,
                 from conftest.c:38:
/usr/include/x86_64-linux-gnu/bits/stdlib-bsearch.h: In function 'bsearch':
/usr/include/x86_64-linux-gnu/bits/stdlib-bsearch.h:32:13: warning: cast discards '__attribute__((const))' qualifier from pointer target type [-Wcast-qual]
       __p = (void *) (((const char *) __base) + (__idx * __size));
             ^
/usr/include/x86_64-linux-gnu/bits/stdlib-bsearch.h:39:9: warning: cast discards '__attribute__((const))' qualifier from pointer target type [-Wcast-qual]
  return (void *) __p;
         ^
In file included from /usr/include/features.h:374:0,
                 from /usr/include/stdio.h:27,
                 from conftest.c:30:
/usr/include/x86_64-linux-gnu/bits/stdlib.h: At top level:
/usr/include/x86_64-linux-gnu/bits/stdlib.h:64:1: warning: no previous prototype for 'ptsname_r' [-Wmissing-prototypes]
 __NTH (ptsname_r (int __fd, char *__buf, size_t __buflen))
 ^
conftest.c:64:1: warning: function declaration isn't a prototype [-Wstrict-prototypes]
 main ()
 ^
conftest.c: In function 'main':
conftest.c:66:24: error: expected expression before ')' token
 if (sizeof ((u_int16_t)))
                        ^
configure:4247: $? = 1
configure: failed program was:
| /* confdefs.h.  */
| #define PACKAGE_NAME "libbgpdump"
| #define PACKAGE_TARNAME "libbgpdump"
| #define PACKAGE_VERSION "1.4.1"
| #define PACKAGE_STRING "libbgpdump 1.4.1"
| #define PACKAGE_BUGREPORT "ris@ripe.net"
| #define STDC_HEADERS 1
| #define HAVE_SYS_TYPES_H 1
| #define HAVE_SYS_STAT_H 1
| #define HAVE_STDLIB_H 1
| #define HAVE_STRING_H 1
| #define HAVE_MEMORY_H 1
| #define HAVE_STRINGS_H 1
| #define HAVE_INTTYPES_H 1
| #define HAVE_STDINT_H 1
| #define HAVE_UNISTD_H 1
| #define HAVE_ERRNO_H 1
| #define HAVE_STRINGS_H 1
| #define HAVE_UNISTD_H 1
| #define HAVE_ARPA_INET_H 1
| #define HAVE_FCNTL_H 1
| #define HAVE_NETINET_IN_H 1
| #define HAVE_STDLIB_H 1
| #define HAVE_STRING_H 1
| #define HAVE_SYS_SOCKET_H 1
| #define HAVE_SYSLOG_H 1
| #define HAVE_UNISTD_H 1
| #define u_char_t uchar_t
| /* end confdefs.h.  */
| #include <stdio.h>
| #ifdef HAVE_SYS_TYPES_H
| # include <sys/types.h>
| #endif
| #ifdef HAVE_SYS_STAT_H
| # include <sys/stat.h>
| #endif
| #ifdef STDC_HEADERS
| # include <stdlib.h>
| # include <stddef.h>
| #else
| # ifdef HAVE_STDLIB_H
| #  include <stdlib.h>
| # endif
| #endif
| #ifdef HAVE_STRING_H
| # if !defined STDC_HEADERS && defined HAVE_MEMORY_H
| #  include <memory.h>
| # endif
| # include <string.h>
| #endif
| #ifdef HAVE_STRINGS_H
| # include <strings.h>
| #endif
| #ifdef HAVE_INTTYPES_H
| # include <inttypes.h>
| #endif
| #ifdef HAVE_STDINT_H
| # include <stdint.h>
| #endif
| #ifdef HAVE_UNISTD_H
| # include <unistd.h>
| #endif
| int
| main ()
| {
| if (sizeof ((u_int16_t)))
| 	  return 0;
|   ;
|   return 0;
| }
configure:4270: result: yes
configure:4282: checking for u_int32_t
configure:4310: gcc -c  -Wall -Wcast-align -Wsystem-headers -Wno-format-y2k -W -Wno-unused-parameter -Wstrict-prototypes -Wmissing-prototypes -Wpointer-arith -Wreturn-type -Wcast-qual -Wwrite-strings -Wswitch -Wshadow -Wcast-align -Wunused-parameter -O3  conftest.c >&5
In file included from /usr/include/stdlib.h:760:0,
                 from conftest.c:38:
/usr/include/x86_64-linux-gnu/bits/stdlib-bsearch.h: In function 'bsearch':
/usr/include/x86_64-linux-gnu/bits/stdlib-bsearch.h:32:13: warning: cast discards '__attribute__((const))' qualifier from pointer target type [-Wcast-qual]
       __p = (void *) (((const char *) __base) + (__idx * __size));
             ^
/usr/include/x86_64-linux-gnu/bits/stdlib-bsearch.h:39:9: warning: cast discards '__attribute__((const))' qualifier from pointer target type [-Wcast-qual]
  return (void *) __p;
         ^
In file included from /usr/include/features.h:374:0,
                 from /usr/include/stdio.h:27,
                 from conftest.c:30:
/usr/include/x86_64-linux-gnu/bits/stdlib.h: At top level:
/usr/include/x86_64-linux-gnu/bits/stdlib.h:64:1: warning: no previous prototype for 'ptsname_r' [-Wmissing-prototypes]
 __NTH (ptsname_r (int __fd, char *__buf, size_t __buflen))
 ^
conftest.c:64:1: warning: function declaration isn't a prototype [-Wstrict-prototypes]
 main ()
 ^
configure:4317: $? = 0
configure:4344: gcc -c  -Wall -Wcast-align -Wsystem-headers -Wno-format-y2k -W -Wno-unused-parameter -Wstrict-prototypes -Wmissing-prototypes -Wpointer-arith -Wreturn-type -Wcast-qual -Wwrite-strings -Wswitch -Wshadow -Wcast-align -Wunused-parameter -O3  conftest.c >&5
In file included from /usr/include/stdlib.h:760:0,
                 from conftest.c:38:
/usr/include/x86_64-linux-gnu/bits/stdlib-bsearch.h: In function 'bsearch':
/usr/include/x86_64-linux-gnu/bits/stdlib-bsearch.h:32:13: warning: cast discards '__attribute__((const))' qualifier from pointer target type [-Wcast-qual]
       __p = (void *) (((const char *) __base) + (__idx * __size));
             ^
/usr/include/x86_64-linux-gnu/bits/stdlib-bsearch.h:39:9: warning: cast discards '__attribute__((const))' qualifier from pointer target type [-Wcast-qual]
  return (void *) __p;
         ^
In file included from /usr/include/features.h:374:0,
                 from /usr/include/stdio.h:27,
                 from conftest.c:30:
/usr/include/x86_64-linux-gnu/bits/stdlib.h: At top level:
/usr/include/x86_64-linux-gnu/bits/stdlib.h:64:1: warning: no previous prototype for 'ptsname_r' [-Wmissing-prototypes]
 __NTH (ptsname_r (int __fd, char *__buf, size_t __buflen))
 ^
conftest.c:64:1: warning: function declaration isn't a prototype [-Wstrict-prototypes]
 main ()
 ^
conftest.c: In function 'main':
conftest.c:66:24: error: expected expression before ')' token
 if (sizeof ((u_int32_t)))
                        ^
configure:4351: $? = 1
configure: failed program was:
| /* confdefs.h.  */
| #define PACKAGE_NAME "libbgpdump"
| #define PACKAGE_TARNAME "libbgpdump"
| #define PACKAGE_VERSION "1.4.1"
| #define PACKAGE_STRING "libbgpdump 1.4.1"
| #define PACKAGE_BUGREPORT "ris@ripe.net"
| #define STDC_HEADERS 1
| #define HAVE_SYS_TYPES_H 1
| #define HAVE_SYS_STAT_H 1
| #define HAVE_STDLIB_H 1
| #define HAVE_STRING_H 1
| #define HAVE_MEMORY_H 1
| #define HAVE_STRINGS_H 1
| #define HAVE_INTTYPES_H 1
| #define HAVE_STDINT_H 1
| #define HAVE_UNISTD_H 1
| #define HAVE_ERRNO_H 1
| #define HAVE_STRINGS_H 1
| #define HAVE_UNISTD_H 1
| #define HAVE_ARPA_INET_H 1
| #define HAVE_FCNTL_H 1
| #define HAVE_NETINET_IN_H 1
| #define HAVE_STDLIB_H 1
| #define HAVE_STRING_H 1
| #define HAVE_SYS_SOCKET_H 1
| #define HAVE_SYSLOG_H 1
| #define HAVE_UNISTD_H 1
| #define u_char_t uchar_t
| /* end confdefs.h.  */
| #include <stdio.h>
| #ifdef HAVE_SYS_TYPES_H
| # include <sys/types.h>
| #endif
| #ifdef HAVE_SYS_STAT_H
| # include <sys/stat.h>
| #endif
| #ifdef STDC_HEADERS
| # include <stdlib.h>
| # include <stddef.h>
| #else
| # ifdef HAVE_STDLIB_H
| #  include <stdlib.h>
| # endif
| #endif
| #ifdef HAVE_STRING_H
| # if !defined STDC_HEADERS && defined HAVE_MEMORY_H
| #  include <memory.h>
| # endif
| # include <string.h>
| #endif
| #ifdef HAVE_STRINGS_H
| # include <strings.h>
| #endif
| #ifdef HAVE_INTTYPES_H
| # include <inttypes.h>
| #endif
| #ifdef HAVE_STDINT_H
| # include <stdint.h>
| #endif
| #ifdef HAVE_UNISTD_H
| # include <unistd.h>
| #endif
| int
| main ()
| {
| if (sizeof ((u_int32_t)))
| 	  return 0;
|   ;
|   return 0;
| }
configure:4374: result: yes
configure:4388: checking for working memcmp
configure:4441: gcc -o conftest  -Wall -Wcast-align -Wsystem-headers -Wno-format-y2k -W -Wno-unused-parameter -Wstrict-prototypes -Wmissing-prototypes -Wpointer-arith -Wreturn-type -Wcast-qual -Wwrite-strings -Wswitch -Wshadow -Wcast-align -Wunused-parameter -O3   conftest.c  >&5
In file included from /usr/include/stdlib.h:760:0,
                 from conftest.c:38:
/usr/include/x86_64-linux-gnu/bits/stdlib-bsearch.h: In function 'bsearch':
/usr/include/x86_64-linux-gnu/bits/stdlib-bsearch.h:32:13: warning: cast discards '__attribute__((const))' qualifier from pointer target type [-Wcast-qual]
       __p = (void *) (((const char *) __base) + (__idx * __size));
             ^
/usr/include/x86_64-linux-gnu/bits/stdlib-bsearch.h:39:9: warning: cast discards '__attribute__((const))' qualifier from pointer target type [-Wcast-qual]
  return (void *) __p;
         ^
In file included from /usr/include/features.h:374:0,
                 from /usr/include/stdio.h:27,
                 from conftest.c:30:
/usr/include/x86_64-linux-gnu/bits/stdlib.h: At top level:
/usr/include/x86_64-linux-gnu/bits/stdlib.h:64:1: warning: no previous prototype for 'ptsname_r' [-Wmissing-prototypes]
 __NTH (ptsname_r (int __fd, char *__buf, size_t __buflen))
 ^
conftest.c:64:1: warning: function declaration isn't a prototype [-Wstrict-prototypes]
 main ()
 ^
configure:4445: $? = 0
configure:4451: ./conftest
configure:4455: $? = 0
configure:4472: result: yes
configure:4485: checking for memset
configure:4541: gcc -o conftest  -Wall -Wcast-align -Wsystem-headers -Wno-format-y2k -W -Wno-unused-parameter -Wstrict-prototypes -Wmissing-prototypes -Wpointer-arith -Wreturn-type -Wcast-qual -Wwrite-strings -Wswitch -Wshadow -Wcast-align -Wunused-parameter -O3   conftest.c  >&5
conftest.c:53:1: warning: function declaration isn't a prototype [-Wstrict-prototypes]
 char memset ();
 ^
conftest.c:53:6: warning: conflicting types for built-in function 'memset' [enabled by default]
 char memset ();
      ^
conftest.c:62:1: warning: function declaration isn't a prototype [-Wstrict-prototypes]
 main ()
 ^
configure:4548: $? = 0
configure:4570: result: yes
configure:4585: checking for gzopen in -lz
configure:4620: gcc -o conftest  -Wall -Wcast-align -Wsystem-headers -Wno-format-y2k -W -Wno-unused-parameter -Wstrict-prototypes -Wmissing-prototypes -Wpointer-arith -Wreturn-type -Wcast-qual -Wwrite-strings -Wswitch -Wshadow -Wcast-align -Wunused-parameter -O3   conftest.c -lz   >&5
conftest.c:38:1: warning: function declaration isn't a prototype [-Wstrict-prototypes]
 char gzopen ();
 ^
conftest.c:40:1: warning: function declaration isn't a prototype [-Wstrict-prototypes]
 main ()
 ^
configure:4627: $? = 0
configure:4648: result: yes
configure:4666: checking for BZ2_bzReadOpen in -lbz2
configure:4701: gcc -o conftest  -Wall -Wcast-align -Wsystem-headers -Wno-format-y2k -W -Wno-unused-parameter -Wstrict-prototypes -Wmissing-prototypes -Wpointer-arith -Wreturn-type -Wcast-qual -Wwrite-strings -Wswitch -Wshadow -Wcast-align -Wunused-parameter -O3   conftest.c -lbz2  -lz  >&5
conftest.c:39:1: warning: function declaration isn't a prototype [-Wstrict-prototypes]
 char BZ2_bzReadOpen ();
 ^
conftest.c:41:1: warning: function declaration isn't a prototype [-Wstrict-prototypes]
 main ()
 ^
configure:4708: $? = 0
configure:4729: result: yes
configure:4750: checking for inet_ntoa
configure:4806: gcc -o conftest  -Wall -Wcast-align -Wsystem-headers -Wno-format-y2k -W -Wno-unused-parameter -Wstrict-prototypes -Wmissing-prototypes -Wpointer-arith -Wreturn-type -Wcast-qual -Wwrite-strings -Wswitch -Wshadow -Wcast-align -Wunused-parameter -O3   conftest.c -lbz2 -lz  >&5
conftest.c:56:1: warning: function declaration isn't a prototype [-Wstrict-prototypes]
 char inet_ntoa ();
 ^
conftest.c:65:1: warning: function declaration isn't a prototype [-Wstrict-prototypes]
 main ()
 ^
configure:4813: $? = 0
configure:4835: result: yes
configure:4931: checking for inet_ntop
configure:4987: gcc -o conftest  -Wall -Wcast-align -Wsystem-headers -Wno-format-y2k -W -Wno-unused-parameter -Wstrict-prototypes -Wmissing-prototypes -Wpointer-arith -Wreturn-type -Wcast-qual -Wwrite-strings -Wswitch -Wshadow -Wcast-align -Wunused-parameter -O3   conftest.c -lbz2 -lz  >&5
conftest.c:57:1: warning: function declaration isn't a prototype [-Wstrict-prototypes]
 char inet_ntop ();
 ^
conftest.c:66:1: warning: function declaration isn't a prototype [-Wstrict-prototypes]
 main ()
 ^
configure:4994: $? = 0
configure:5016: result: yes
configure:5119: checking for IPv6 support
configure:5157: gcc -o conftest  -Wall -Wcast-align -Wsystem-headers -Wno-format-y2k -W -Wno-unused-parameter -Wstrict-prototypes -Wmissing-prototypes -Wpointer-arith -Wreturn-type -Wcast-qual -Wwrite-strings -Wswitch -Wshadow -Wcast-align -Wunused-parameter -O3   conftest.c -lbz2 -lz  >&5
conftest.c:41:1: warning: return type defaults to 'int' [-Wreturn-type]
 main()
 ^
conftest.c:41:1: warning: function declaration isn't a prototype [-Wstrict-prototypes]
conftest.c: In function 'main':
conftest.c:46:4: warning: implicit declaration of function 'exit' [-Wimplicit-function-declaration]
    exit(1);
    ^
conftest.c:46:4: warning: incompatible implicit declaration of built-in function 'exit' [enabled by default]
configure:5161: $? = 0
configure:5167: ./conftest
configure:5171: $? = 0
configure:5189: result: yes
configure:5319: creating ./config.status

## ---------------------- ##
## Running config.status. ##
## ---------------------- ##

This file was extended by libbgpdump config.status 1.4.1, which was
generated by GNU Autoconf 2.63.  Invocation command line was

  CONFIG_FILES    = 
  CONFIG_HEADERS  = 
  CONFIG_LINKS    = 
  CONFIG_COMMANDS = 
  $ ./config.status 

on nikhil-Lenovo-Z50-70

config.status:742: creating Makefile
config.status:742: creating bgpdump-config.h
config.status:953: bgpdump-config.h is unchanged

## ---------------- ##
## Cache variables. ##
## ---------------- ##

ac_cv_c_compiler_gnu=yes
ac_cv_c_const=yes
ac_cv_env_CC_set=
ac_cv_env_CC_value=
ac_cv_env_CFLAGS_set=
ac_cv_env_CFLAGS_value=
ac_cv_env_CPPFLAGS_set=
ac_cv_env_CPPFLAGS_value=
ac_cv_env_CPP_set=
ac_cv_env_CPP_value=
ac_cv_env_LDFLAGS_set=
ac_cv_env_LDFLAGS_value=
ac_cv_env_LIBS_set=
ac_cv_env_LIBS_value=
ac_cv_env_build_alias_set=
ac_cv_env_build_alias_value=
ac_cv_env_host_alias_set=
ac_cv_env_host_alias_value=
ac_cv_env_target_alias_set=
ac_cv_env_target_alias_value=
ac_cv_func_inet_ntoa=yes
ac_cv_func_inet_ntop=yes
ac_cv_func_memcmp_working=yes
ac_cv_func_memset=yes
ac_cv_header_arpa_inet_h=yes
ac_cv_header_errno_h=yes
ac_cv_header_fcntl_h=yes
ac_cv_header_inttypes_h=yes
ac_cv_header_memory_h=yes
ac_cv_header_netinet_in_h=yes
ac_cv_header_stdc=yes
ac_cv_header_stdint_h=yes
ac_cv_header_stdlib_h=yes
ac_cv_header_string_h=yes
ac_cv_header_strings_h=yes
ac_cv_header_sys_socket_h=yes
ac_cv_header_sys_stat_h=yes
ac_cv_header_sys_types_h=yes
ac_cv_header_syslog_h=yes
ac_cv_header_unistd_h=yes
ac_cv_lib_bz2_BZ2_bzReadOpen=yes
ac_cv_lib_z_gzopen=yes
ac_cv_objext=o
ac_cv_path_AR=/usr/bin/ar
ac_cv_path_EGREP='/bin/grep -E'
ac_cv_path_GREP=/bin/grep
ac_cv_prog_CPP='gcc -E'
ac_cv_prog_ac_ct_CC=gcc
ac_cv_prog_ac_ct_RANLIB=ranlib
ac_cv_prog_cc_c89=
ac_cv_prog_cc_g=yes
ac_cv_struct_tm=time.h
ac_cv_type_size_t=yes
ac_cv_type_u_char_t=no
ac_cv_type_u_int16_t=yes
ac_cv_type_u_int32_t=yes
ac_cv_type_u_int8_t=yes

## ----------------- ##
## Output variables. ##
## ----------------- ##

AR='/usr/bin/ar'
CC='gcc'
CFLAGS=' -Wall -Wcast-align -Wsystem-headers -Wno-format-y2k -W -Wno-unused-parameter -Wstrict-prototypes -Wmissing-prototypes -Wpointer-arith -Wreturn-type -Wcast-qual -Wwrite-strings -Wswitch -Wshadow -Wcast-align -Wunused-parameter -O3'
CPP='gcc -E'
CPPFLAGS=''
DEFS='-DHAVE_CONFIG_H'
ECHO_C=''
ECHO_N='-n'
ECHO_T=''
EGREP='/bin/grep -E'
EXEEXT=''
GREP='/bin/grep'
LDFLAGS='-shared'
LIBOBJS=''
LIBS='-lbz2 -lz '
LTLIBOBJS=''
OBJEXT='o'
PACKAGE_BUGREPORT='ris@ripe.net'
PACKAGE_NAME='libbgpdump'
PACKAGE_STRING='libbgpdump 1.4.1'
PACKAGE_TARNAME='libbgpdump'
PACKAGE_VERSION='1.4.1'
PATH_SEPARATOR=':'
RANLIB='ranlib'
SHELL='/bin/bash'
ac_ct_CC='gcc'
bindir='${exec_prefix}/bin'
build_alias=''
datadir='${datarootdir}'
datarootdir='${prefix}/share'
docdir='${datarootdir}/doc/${PACKAGE_TARNAME}'
dvidir='${docdir}'
exec_prefix='${prefix}'
host_alias=''
htmldir='${docdir}'
includedir='${prefix}/include'
infodir='${datarootdir}/info'
libdir='${exec_prefix}/lib'
libexecdir='${exec_prefix}/libexec'
localedir='${datarootdir}/locale'
localstatedir='${prefix}/var'
mandir='${datarootdir}/man'
oldincludedir='/usr/include'
pdfdir='${docdir}'
prefix='/usr/local'
program_transform_name='s,x,x,'
psdir='${docdir}'
sbindir='${exec_prefix}/sbin'
sharedstatedir='${prefix}/com'
sysconfdir='${prefix}/etc'
target_alias=''

## ----------- ##
## confdefs.h. ##
## ----------- ##

#define PACKAGE_NAME "libbgpdump"
#define PACKAGE_TARNAME "libbgpdump"
#define PACKAGE_VERSION "1.4.1"
#define PACKAGE_STRING "libbgpdump 1.4.1"
#define PACKAGE_BUGREPORT "ris@ripe.net"
#define STDC_HEADERS 1
#define HAVE_SYS_TYPES_H 1
#define HAVE_SYS_STAT_H 1
#define HAVE_STDLIB_H 1
#define HAVE_STRING_H 1
#define HAVE_MEMORY_H 1
#define HAVE_STRINGS_H 1
#define HAVE_INTTYPES_H 1
#define HAVE_STDINT_H 1
#define HAVE_UNISTD_H 1
#define HAVE_ERRNO_H 1
#define HAVE_STRINGS_H 1
#define HAVE_UNISTD_H 1
#define HAVE_ARPA_INET_H 1
#define HAVE_FCNTL_H 1
#define HAVE_NETINET_IN_H 1
#define HAVE_STDLIB_H 1
#define HAVE_STRING_H 1
#define HAVE_SYS_SOCKET_H 1
#define HAVE_SYSLOG_H 1
#define HAVE_UNISTD_H 1
#define u_char_t uchar_t
#define HAVE_MEMSET 1
#define HAVE_LIBZ 1
#define HAVE_LIBBZ2 1
#define HAVE_INET_NTOA 1
#define HAVE_INET_NTOP 1
#define BGPDUMP_HAVE_IPV6 1

configure: exit 0
